[INFO] Scanning for projects...
[INFO] 
[INFO] -----------------------< com.bookstore:backend >------------------------
[INFO] Building backend 0.0.1-SNAPSHOT
[INFO]   from pom.xml
[INFO] --------------------------------[ jar ]---------------------------------
[INFO] 
[INFO] >>> spring-boot:3.2.0:run (default-cli) > test-compile @ backend >>>
[INFO] 
[INFO] --- resources:3.3.1:resources (default-resources) @ backend ---
[INFO] Copying 1 resource from src/main/resources to target/classes
[INFO] Copying 0 resource from src/main/resources to target/classes
[INFO] 
[INFO] --- compiler:3.13.0:compile (default-compile) @ backend ---
[INFO] Nothing to compile - all classes are up to date.
[INFO] 
[INFO] --- resources:3.3.1:testResources (default-testResources) @ backend ---
[INFO] Copying 1 resource from src/test/resources to target/test-classes
[INFO] 
[INFO] --- compiler:3.13.0:testCompile (default-testCompile) @ backend ---
[INFO] Nothing to compile - all classes are up to date.
[INFO] 
[INFO] <<< spring-boot:3.2.0:run (default-cli) < test-compile @ backend <<<
[INFO] 
[INFO] 
[INFO] --- spring-boot:3.2.0:run (default-cli) @ backend ---
[INFO] Attaching agents: []

  .   ____          _            __ _ _
 /\\ / ___'_ __ _ _(_)_ __  __ _ \ \ \ \
( ( )\___ | '_ | '_| | '_ \/ _` | \ \ \ \
 \\/  ___)| |_)| | | | | || (_| |  ) ) ) )
  '  |____| .__|_| |_|_| |_\__, | / / / /
 =========|_|==============|___/=/_/_/_/
 :: Spring Boot ::                (v3.2.0)

2025-12-26T18:36:17.635Z  INFO 22188 --- [novela] [           main] c.bookstore.OnlineBookstoreApplication   : Starting OnlineBookstoreApplication using Java 17.0.17 with PID 22188 (/Users/manojthapa/Desktop/Home/Projects/Software Engineer Projects/Full-Stack E-Commerce Platform/backend/target/classes started by tarunkumar in /Users/manojthapa/Desktop/Home/Projects/Software Engineer Projects/Full-Stack E-Commerce Platform/backend)
2025-12-26T18:36:17.636Z  INFO 22188 --- [novela] [           main] c.bookstore.OnlineBookstoreApplication   : No active profile set, falling back to 1 default profile: "default"
2025-12-26T18:36:17.975Z  INFO 22188 --- [novela] [           main] .s.d.r.c.RepositoryConfigurationDelegate : Bootstrapping Spring Data JPA repositories in DEFAULT mode.
2025-12-26T18:36:18.013Z  INFO 22188 --- [novela] [           main] .s.d.r.c.RepositoryConfigurationDelegate : Finished Spring Data repository scanning in 34 ms. Found 7 JPA repository interfaces.
2025-12-26T18:36:18.243Z  INFO 22188 --- [novela] [           main] o.s.b.w.embedded.tomcat.TomcatWebServer  : Tomcat initialized with port 8081 (http)
2025-12-26T18:36:18.247Z  INFO 22188 --- [novela] [           main] o.apache.catalina.core.StandardService   : Starting service [Tomcat]
2025-12-26T18:36:18.247Z  INFO 22188 --- [novela] [           main] o.apache.catalina.core.StandardEngine    : Starting Servlet engine: [Apache Tomcat/10.1.16]
2025-12-26T18:36:18.274Z  INFO 22188 --- [novela] [           main] o.a.c.c.C.[Tomcat].[localhost].[/]       : Initializing Spring embedded WebApplicationContext
2025-12-26T18:36:18.275Z  INFO 22188 --- [novela] [           main] w.s.c.ServletWebServerApplicationContext : Root WebApplicationContext: initialization completed in 626 ms
2025-12-26T18:36:18.340Z  INFO 22188 --- [novela] [           main] o.hibernate.jpa.internal.util.LogHelper  : HHH000204: Processing PersistenceUnitInfo [name: default]
2025-12-26T18:36:18.364Z  INFO 22188 --- [novela] [           main] org.hibernate.Version                    : HHH000412: Hibernate ORM core version 6.3.1.Final
2025-12-26T18:36:18.373Z  INFO 22188 --- [novela] [           main] o.h.c.internal.RegionFactoryInitiator    : HHH000026: Second-level cache disabled
2025-12-26T18:36:18.489Z  INFO 22188 --- [novela] [           main] o.s.o.j.p.SpringPersistenceUnitInfo      : No LoadTimeWeaver setup: ignoring JPA class transformer
2025-12-26T18:36:18.527Z  INFO 22188 --- [novela] [           main] com.zaxxer.hikari.HikariDataSource       : HikariPool-1 - Starting...
2025-12-26T18:36:18.618Z  INFO 22188 --- [novela] [           main] com.zaxxer.hikari.pool.HikariPool        : HikariPool-1 - Added connection org.postgresql.jdbc.PgConnection@1a536164
2025-12-26T18:36:18.619Z  INFO 22188 --- [novela] [           main] com.zaxxer.hikari.HikariDataSource       : HikariPool-1 - Start completed.
2025-12-26T18:36:18.639Z  WARN 22188 --- [novela] [           main] org.hibernate.orm.deprecation            : HHH90000025: PostgreSQLDialect does not need to be specified explicitly using 'hibernate.dialect' (remove the property setting and it will be selected by default)
2025-12-26T18:36:19.018Z  INFO 22188 --- [novela] [           main] o.h.e.t.j.p.i.JtaPlatformInitiator       : HHH000489: No JTA platform available (set 'hibernate.transaction.jta.platform' to enable JTA platform integration)
2025-12-26T18:36:19.111Z  INFO 22188 --- [novela] [           main] j.LocalContainerEntityManagerFactoryBean : Initialized JPA EntityManagerFactory for persistence unit 'default'
2025-12-26T18:36:19.256Z  INFO 22188 --- [novela] [           main] o.s.d.j.r.query.QueryEnhancerFactory     : Hibernate is in classpath; If applicable, HQL parser will be used.
2025-12-26T18:36:19.539Z  WARN 22188 --- [novela] [           main] JpaBaseConfiguration$JpaWebConfiguration : spring.jpa.open-in-view is enabled by default. Therefore, database queries may be performed during view rendering. Explicitly configure spring.jpa.open-in-view to disable this warning
2025-12-26T18:36:19.630Z  INFO 22188 --- [novela] [           main] o.s.s.web.DefaultSecurityFilterChain     : Will secure any request with [org.springframework.security.web.session.DisableEncodeUrlFilter@2fc7698c, org.springframework.security.web.context.request.async.WebAsyncManagerIntegrationFilter@5960fd98, org.springframework.security.web.context.SecurityContextHolderFilter@692ff367, org.springframework.security.web.header.HeaderWriterFilter@58e142be, org.springframework.web.filter.CorsFilter@3082b46a, org.springframework.security.web.authentication.logout.LogoutFilter@822e8a1, com.bookstore.security.JwtAuthenticationFilter@7e2f16bd, org.springframework.security.web.savedrequest.RequestCacheAwareFilter@2fa7a848, org.springframework.security.web.servletapi.SecurityContextHolderAwareRequestFilter@76c974b, org.springframework.security.web.authentication.AnonymousAuthenticationFilter@4b2c1cbf, org.springframework.security.web.session.SessionManagementFilter@387c5d79, org.springframework.security.web.access.ExceptionTranslationFilter@63802a5d, org.springframework.security.web.access.intercept.AuthorizationFilter@5354b0bc]
2025-12-26T18:36:19.710Z  INFO 22188 --- [novela] [           main] o.s.b.w.embedded.tomcat.TomcatWebServer  : Tomcat started on port 8081 (http) with context path ''
2025-12-26T18:36:19.714Z  INFO 22188 --- [novela] [           main] c.bookstore.OnlineBookstoreApplication   : Started OnlineBookstoreApplication in 2.194 seconds (process running for 2.302)
2025-12-26T18:36:22.327Z  INFO 22188 --- [novela] [nio-8081-exec-1] o.a.c.c.C.[Tomcat].[localhost].[/]       : Initializing Spring DispatcherServlet 'dispatcherServlet'
2025-12-26T18:36:22.327Z  INFO 22188 --- [novela] [nio-8081-exec-1] o.s.web.servlet.DispatcherServlet        : Initializing Servlet 'dispatcherServlet'
2025-12-26T18:36:22.328Z  INFO 22188 --- [novela] [nio-8081-exec-1] o.s.web.servlet.DispatcherServlet        : Completed initialization in 1 ms
2025-12-26T18:36:22.435Z  WARN 22188 --- [novela] [nio-8081-exec-3] o.s.w.s.h.HandlerMappingIntrospector     : Cache miss for REQUEST dispatch to '/api/cart' (previous null). Performing MatchableHandlerMapping lookup. This is logged once only at WARN level, and every time at TRACE.
DEBUG: Fetching orders for user: thapam807@gmail.com
DEBUG: Found 0 orders for user thapam807@gmail.com
DEBUG: Fetching orders for user: thapam807@gmail.com
DEBUG: Found 0 orders for user thapam807@gmail.com
DEBUG: Order saved successfully with ID: 1 for user: thapam807@gmail.com
DEBUG: Fetching orders for user: thapam807@gmail.com
DEBUG: Found 1 orders for user thapam807@gmail.com
DEBUG: Fetching orders for user: thapam807@gmail.com
DEBUG: Found 1 orders for user thapam807@gmail.com
